#
# There is insufficient memory for the Java Runtime Environment to continue.
# Native memory allocation (malloc) failed to allocate 1048576 bytes. Error detail: AllocateHeap
# Possible reasons:
#   The system is out of physical RAM or swap space
#   This process is running with CompressedOops enabled, and the Java Heap may be blocking the growth of the native heap
# Possible solutions:
#   Reduce memory load on the system
#   Increase physical memory or swap space
#   Check if swap backing store is full
#   Decrease Java heap size (-Xmx/-Xms)
#   Decrease number of Java threads
#   Decrease Java thread stack sizes (-Xss)
#   Set larger code cache with -XX:ReservedCodeCacheSize=
#   JVM is running with Unscaled Compressed Oops mode in which the Java heap is
#     placed in the first 4GB address space. The Java Heap base address is the
#     maximum limit for the native heap growth. Please use -XX:HeapBaseMinAddress
#     to set the Java Heap base and to place the Java Heap above 4GB virtual address.
# This output file may be truncated or incomplete.
#
#  Out of Memory Error (allocation.cpp:44), pid=30340, tid=34916
#
# JRE version: OpenJDK Runtime Environment Temurin-21.0.9+10 (21.0.9+10) (build 21.0.9+10-LTS)
# Java VM: OpenJDK 64-Bit Server VM Temurin-21.0.9+10 (21.0.9+10-LTS, mixed mode, sharing, tiered, compressed oops, compressed class ptrs, parallel gc, windows-amd64)
# No core dump will be written. Minidumps are not enabled by default on client versions of Windows
#

---------------  S U M M A R Y ------------

Command Line: --add-modules=ALL-SYSTEM --add-opens=java.base/java.util=ALL-UNNAMED --add-opens=java.base/java.lang=ALL-UNNAMED --add-opens=java.base/sun.nio.fs=ALL-UNNAMED -Declipse.application=org.eclipse.jdt.ls.core.id1 -Dosgi.bundles.defaultStartLevel=4 -Declipse.product=org.eclipse.jdt.ls.core.product -Djava.import.generatesMetadataFilesAtProjectRoot=false -DDetectVMInstallationsJob.disabled=true -Dfile.encoding=utf8 -XX:+UseParallelGC -XX:GCTimeRatio=4 -XX:AdaptiveSizePolicyWeight=90 -Dsun.zip.disableMemoryMapping=true -Xmx2G -Xms100m -Xlog:disable -javaagent:c:\Users\VICTORINO\.vscode\extensions\redhat.java-1.48.2025111408-win32-x64\lombok\lombok-1.18.39-4050.jar -XX:+HeapDumpOnOutOfMemoryError -XX:HeapDumpPath=c:\Users\VICTORINO\AppData\Roaming\Code\User\workspaceStorage\8b85e783a8283d361236f900b7cd3b39\redhat.java -Daether.dependencyCollector.impl=bf -XX:+UnlockDiagnosticVMOptions -XX:+AllowArchivingWithJavaAgent -XX:+AutoCreateSharedArchive -XX:SharedArchiveFile=c:\Users\VICTORINO\AppData\Roaming\Code\User\globalStorage\redhat.java\1.48.2025111408\jdtls.jsa c:\Users\VICTORINO\.vscode\extensions\redhat.java-1.48.2025111408-win32-x64\server\plugins\org.eclipse.equinox.launcher_1.7.100.v20251111-0406.jar -configuration c:\Users\VICTORINO\AppData\Roaming\Code\User\globalStorage\redhat.java\1.48.2025111408\config_win -data c:\Users\VICTORINO\AppData\Roaming\Code\User\workspaceStorage\8b85e783a8283d361236f900b7cd3b39\redhat.java\jdt_ws --pipe=\\.\pipe\lsp-faaf06535bee9b3d4759e79cd91243ad-sock

Host: AMD Ryzen 5 4600G with Radeon Graphics, 12 cores, 23G,  Windows 11 , 64 bit Build 22621 (10.0.22621.5415)
Time: Tue Nov 18 00:39:23 2025 Hora est. Pacífico, Sudamérica elapsed time: 1236.339470 seconds (0d 0h 20m 36s)

---------------  T H R E A D  ---------------

Current thread (0x0000018d00ac7ed0):  JavaThread "Attach Listener" daemon [_thread_in_vm, id=34916, stack(0x00000085fc100000,0x00000085fc200000) (1024K)]

Stack: [0x00000085fc100000,0x00000085fc200000]
Native frames: (J=compiled Java code, j=interpreted, Vv=VM code, C=native code)
V  [jvm.dll+0x6d6e29]
V  [jvm.dll+0x8b4b76]
V  [jvm.dll+0x8b712e]
V  [jvm.dll+0x8b7813]
V  [jvm.dll+0x283d86]
V  [jvm.dll+0xc1277]
V  [jvm.dll+0x6d76d9]
V  [jvm.dll+0x133466]
V  [jvm.dll+0x3f7ea6]
V  [jvm.dll+0x85e9ad]
V  [jvm.dll+0x6d565d]
C  [ucrtbase.dll+0x29333]
C  [KERNEL32.DLL+0x1259d]
C  [ntdll.dll+0x5af78]


---------------  P R O C E S S  ---------------

Threads class SMR info:
_java_thread_list=0x0000018d09118ba0, length=64, elements={
0x0000018d1efedda0, 0x0000018d379ce200, 0x0000018d00ac0820, 0x0000018d00ac4460,
0x0000018d00ac7ed0, 0x0000018d00ac9310, 0x0000018d00ac9fc0, 0x0000018d00acf280,
0x0000018d00acfd10, 0x0000018d00d0ce10, 0x0000018d00de60b0, 0x0000018d058432d0,
0x0000018d054c75e0, 0x0000018d0560c280, 0x0000018d00e17d30, 0x0000018d055dab40,
0x0000018d05c1f9e0, 0x0000018d00db2510, 0x0000018d00db3230, 0x0000018d00db3f50,
0x0000018d00db5990, 0x0000018d00db4c70, 0x0000018d07d07680, 0x0000018d07d08a30,
0x0000018d07d09de0, 0x0000018d07d0a470, 0x0000018d07d0ab00, 0x0000018d07d0b190,
0x0000018d07d0b820, 0x0000018d07d0beb0, 0x0000018d07d0c540, 0x0000018d07d0cbd0,
0x0000018d07d0d8f0, 0x0000018d07d0d260, 0x0000018d07d06960, 0x0000018d07d07d10,
0x0000018d07d0df80, 0x0000018d114ac9c0, 0x0000018d114aa260, 0x0000018d114afe40,
0x0000018d105b8a00, 0x0000018d105b9db0, 0x0000018d105bb160, 0x0000018d105bbe80,
0x0000018d105bc510, 0x0000018d105b6930, 0x0000018d105b62a0, 0x0000018d06ae8960,
0x0000018d06aec470, 0x0000018d06aee540, 0x0000018d06aeaa30, 0x0000018d06aedeb0,
0x0000018d06ae7c40, 0x0000018d06ae82d0, 0x0000018d06ae9680, 0x0000018d06aed820,
0x0000018d114ad050, 0x0000018d114add70, 0x0000018d114af120, 0x0000018d114a8eb0,
0x0000018d114aea90, 0x0000018d114af7b0, 0x0000018d114a8820, 0x0000018d114a9bd0
}

Java Threads: ( => current thread )
  0x0000018d1efedda0 JavaThread "main"                              [_thread_blocked, id=14632, stack(0x00000085fba00000,0x00000085fbb00000) (1024K)]
  0x0000018d379ce200 JavaThread "Reference Handler"          daemon [_thread_blocked, id=33072, stack(0x00000085fbe00000,0x00000085fbf00000) (1024K)]
  0x0000018d00ac0820 JavaThread "Finalizer"                  daemon [_thread_blocked, id=34840, stack(0x00000085fbf00000,0x00000085fc000000) (1024K)]
  0x0000018d00ac4460 JavaThread "Signal Dispatcher"          daemon [_thread_blocked, id=34924, stack(0x00000085fc000000,0x00000085fc100000) (1024K)]
=>0x0000018d00ac7ed0 JavaThread "Attach Listener"            daemon [_thread_in_vm, id=34916, stack(0x00000085fc100000,0x00000085fc200000) (1024K)]
  0x0000018d00ac9310 JavaThread "Service Thread"             daemon [_thread_blocked, id=35072, stack(0x00000085fc200000,0x00000085fc300000) (1024K)]
  0x0000018d00ac9fc0 JavaThread "Monitor Deflation Thread"   daemon [_thread_blocked, id=35080, stack(0x00000085fc300000,0x00000085fc400000) (1024K)]
  0x0000018d00acf280 JavaThread "C2 CompilerThread0"         daemon [_thread_blocked, id=35232, stack(0x00000085fc400000,0x00000085fc500000) (1024K)]
  0x0000018d00acfd10 JavaThread "C1 CompilerThread0"         daemon [_thread_blocked, id=35248, stack(0x00000085fc500000,0x00000085fc600000) (1024K)]
  0x0000018d00d0ce10 JavaThread "Common-Cleaner"             daemon [_thread_blocked, id=35640, stack(0x00000085fc600000,0x00000085fc700000) (1024K)]
  0x0000018d00de60b0 JavaThread "Notification Thread"        daemon [_thread_blocked, id=34892, stack(0x00000085fc700000,0x00000085fc800000) (1024K)]
  0x0000018d058432d0 JavaThread "Active Thread: Equinox Container: acf400b2-d874-4534-842b-12943239f226"        [_thread_blocked, id=8800, stack(0x00000085fd000000,0x00000085fd100000) (1024K)]
  0x0000018d054c75e0 JavaThread "Refresh Thread: Equinox Container: acf400b2-d874-4534-842b-12943239f226" daemon [_thread_blocked, id=1932, stack(0x00000085fc900000,0x00000085fca00000) (1024K)]
  0x0000018d0560c280 JavaThread "Framework Event Dispatcher: Equinox Container: acf400b2-d874-4534-842b-12943239f226" daemon [_thread_blocked, id=35456, stack(0x00000085fd200000,0x00000085fd300000) (1024K)]
  0x0000018d00e17d30 JavaThread "Start Level: Equinox Container: acf400b2-d874-4534-842b-12943239f226" daemon [_thread_blocked, id=35676, stack(0x00000085fd300000,0x00000085fd400000) (1024K)]
  0x0000018d055dab40 JavaThread "Bundle File Closer"         daemon [_thread_blocked, id=30312, stack(0x00000085fd700000,0x00000085fd800000) (1024K)]
  0x0000018d05c1f9e0 JavaThread "SCR Component Actor"        daemon [_thread_blocked, id=35164, stack(0x00000085fd400000,0x00000085fd500000) (1024K)]
  0x0000018d00db2510 JavaThread "Worker-JM"                         [_thread_blocked, id=25840, stack(0x00000085fda00000,0x00000085fdb00000) (1024K)]
  0x0000018d00db3230 JavaThread "Java indexing"              daemon [_thread_blocked, id=34368, stack(0x00000085fdd00000,0x00000085fde00000) (1024K)]
  0x0000018d00db3f50 JavaThread "JNA Cleaner"                daemon [_thread_blocked, id=35828, stack(0x00000085fde00000,0x00000085fdf00000) (1024K)]
  0x0000018d00db5990 JavaThread "Thread-1"                   daemon [_thread_in_native, id=17796, stack(0x00000085fe100000,0x00000085fe200000) (1024K)]
  0x0000018d00db4c70 JavaThread "Thread-2"                   daemon [_thread_in_native, id=36808, stack(0x00000085fe200000,0x00000085fe300000) (1024K)]
  0x0000018d07d07680 JavaThread "Thread-3"                   daemon [_thread_in_native, id=28416, stack(0x00000085fe300000,0x00000085fe400000) (1024K)]
  0x0000018d07d08a30 JavaThread "Thread-4"                   daemon [_thread_in_native, id=34832, stack(0x00000085fe400000,0x00000085fe500000) (1024K)]
  0x0000018d07d09de0 JavaThread "Thread-5"                   daemon [_thread_in_native, id=33928, stack(0x00000085fe500000,0x00000085fe600000) (1024K)]
  0x0000018d07d0a470 JavaThread "Thread-6"                   daemon [_thread_in_native, id=33304, stack(0x00000085fe600000,0x00000085fe700000) (1024K)]
  0x0000018d07d0ab00 JavaThread "Thread-7"                   daemon [_thread_in_native, id=22516, stack(0x00000085fe700000,0x00000085fe800000) (1024K)]
  0x0000018d07d0b190 JavaThread "Thread-8"                   daemon [_thread_in_native, id=34620, stack(0x00000085fe800000,0x00000085fe900000) (1024K)]
  0x0000018d07d0b820 JavaThread "Thread-9"                   daemon [_thread_in_native, id=24696, stack(0x00000085fe900000,0x00000085fea00000) (1024K)]
  0x0000018d07d0beb0 JavaThread "Thread-10"                  daemon [_thread_in_native, id=34472, stack(0x00000085fea00000,0x00000085feb00000) (1024K)]
  0x0000018d07d0c540 JavaThread "Thread-11"                  daemon [_thread_in_native, id=34068, stack(0x00000085feb00000,0x00000085fec00000) (1024K)]
  0x0000018d07d0cbd0 JavaThread "Thread-12"                  daemon [_thread_in_native, id=26396, stack(0x00000085fec00000,0x00000085fed00000) (1024K)]
  0x0000018d07d0d8f0 JavaThread "Thread-13"                  daemon [_thread_in_native, id=33524, stack(0x00000085fed00000,0x00000085fee00000) (1024K)]
  0x0000018d07d0d260 JavaThread "pool-2-thread-1"                   [_thread_blocked, id=23380, stack(0x00000085fee00000,0x00000085fef00000) (1024K)]
  0x0000018d07d06960 JavaThread "WorkspaceEventsHandler"            [_thread_blocked, id=36684, stack(0x00000085fef00000,0x00000085ff000000) (1024K)]
  0x0000018d07d07d10 JavaThread "pool-1-thread-1"                   [_thread_blocked, id=15076, stack(0x00000085ff000000,0x00000085ff100000) (1024K)]
  0x0000018d07d0df80 JavaThread "Worker-4"                          [_thread_blocked, id=29528, stack(0x00000085ff200000,0x00000085ff300000) (1024K)]
  0x0000018d114ac9c0 JavaThread "ForkJoinPool.commonPool-worker-5" daemon [_thread_blocked, id=14116, stack(0x0000008581200000,0x0000008581300000) (1024K)]
  0x0000018d114aa260 JavaThread "ForkJoinPool.commonPool-worker-6" daemon [_thread_blocked, id=27384, stack(0x0000008581300000,0x0000008581400000) (1024K)]
  0x0000018d114afe40 JavaThread "Cleaner-0"                  daemon [_thread_blocked, id=36104, stack(0x0000008581900000,0x0000008581a00000) (1024K)]
  0x0000018d105b8a00 JavaThread "ForkJoinPool.commonPool-worker-12" daemon [_thread_blocked, id=30700, stack(0x0000008580000000,0x0000008580100000) (1024K)]
  0x0000018d105b9db0 JavaThread "ForkJoinPool.commonPool-worker-13" daemon [_thread_blocked, id=36500, stack(0x0000008580100000,0x0000008580200000) (1024K)]
  0x0000018d105bb160 JavaThread "ForkJoinPool.commonPool-worker-15" daemon [_thread_blocked, id=30084, stack(0x0000008580200000,0x0000008580300000) (1024K)]
  0x0000018d105bbe80 JavaThread "ForkJoinPool.commonPool-worker-14" daemon [_thread_blocked, id=16656, stack(0x0000008580300000,0x0000008580400000) (1024K)]
  0x0000018d105bc510 JavaThread "ForkJoinPool.commonPool-worker-17" daemon [_thread_blocked, id=18296, stack(0x0000008580400000,0x0000008580500000) (1024K)]
  0x0000018d105b6930 JavaThread "ForkJoinPool.commonPool-worker-16" daemon [_thread_blocked, id=34952, stack(0x0000008580500000,0x0000008580600000) (1024K)]
  0x0000018d105b62a0 JavaThread "ForkJoinPool.commonPool-worker-18" daemon [_thread_blocked, id=17332, stack(0x0000008580600000,0x0000008580700000) (1024K)]
  0x0000018d06ae8960 JavaThread "ForkJoinPool.commonPool-worker-19" daemon [_thread_blocked, id=28740, stack(0x0000008580700000,0x0000008580800000) (1024K)]
  0x0000018d06aec470 JavaThread "ForkJoinPool.commonPool-worker-20" daemon [_thread_blocked, id=34652, stack(0x0000008580800000,0x0000008580900000) (1024K)]
  0x0000018d06aee540 JavaThread "Compiler Source File Reader" daemon [_thread_blocked, id=28796, stack(0x0000008580900000,0x0000008580a00000) (1024K)]
  0x0000018d06aeaa30 JavaThread "Compiler Source File Reader" daemon [_thread_blocked, id=16308, stack(0x0000008580d00000,0x0000008580e00000) (1024K)]
  0x0000018d06aedeb0 JavaThread "Worker-7"                          [_thread_blocked, id=33188, stack(0x0000008580f00000,0x0000008581000000) (1024K)]
  0x0000018d06ae7c40 JavaThread "Compiler Source File Reader" daemon [_thread_blocked, id=10472, stack(0x0000008581100000,0x0000008581200000) (1024K)]
  0x0000018d06ae82d0 JavaThread "Compiler Source File Reader" daemon [_thread_blocked, id=26132, stack(0x0000008580e00000,0x0000008580f00000) (1024K)]
  0x0000018d06ae9680 JavaThread "Compiler Source File Reader" daemon [_thread_blocked, id=22240, stack(0x0000008581000000,0x0000008581100000) (1024K)]
  0x0000018d06aed820 JavaThread "Compiler Source File Reader" daemon [_thread_blocked, id=32292, stack(0x0000008581500000,0x0000008581600000) (1024K)]
  0x0000018d114ad050 JavaThread "Compiler Source File Reader" daemon [_thread_blocked, id=28612, stack(0x0000008581600000,0x0000008581700000) (1024K)]
  0x0000018d114add70 JavaThread "Compiler Source File Reader" daemon [_thread_blocked, id=27772, stack(0x0000008581700000,0x0000008581800000) (1024K)]
  0x0000018d114af120 JavaThread "Compiler Source File Reader" daemon [_thread_blocked, id=30756, stack(0x0000008581800000,0x0000008581900000) (1024K)]
  0x0000018d114a8eb0 JavaThread "Compiler Source File Reader" daemon [_thread_blocked, id=35228, stack(0x0000008581a00000,0x0000008581b00000) (1024K)]
  0x0000018d114aea90 JavaThread "Compiler Processing Task"   daemon [_thread_blocked, id=17928, stack(0x0000008580a00000,0x0000008580b00000) (1024K)]
  0x0000018d114af7b0 JavaThread "Worker-9"                          [_thread_blocked, id=31484, stack(0x0000008581400000,0x0000008581500000) (1024K)]
  0x0000018d114a8820 JavaThread "Worker-10"                         [_thread_blocked, id=19264, stack(0x0000008580b00000,0x0000008580c00000) (1024K)]
  0x0000018d114a9bd0 JavaThread "Worker-11"                         [_thread_blocked, id=21988, stack(0x0000008581b00000,0x0000008581c00000) (1024K)]
Total: 64

Other Threads:
  0x0000018d1f0ae4e0 VMThread "VM Thread"                           [id=34348, stack(0x00000085fbd00000,0x00000085fbe00000) (1024K)]
  0x0000018d378aca00 WatcherThread "VM Periodic Task Thread"        [id=33540, stack(0x00000085fbc00000,0x00000085fbd00000) (1024K)]
  0x0000018d1f00c8c0 WorkerThread "GC Thread#0"                     [id=34252, stack(0x00000085fbb00000,0x00000085fbc00000) (1024K)]
  0x0000018d05619440 WorkerThread "GC Thread#1"                     [id=29216, stack(0x00000085fca00000,0x00000085fcb00000) (1024K)]
  0x0000018d052861e0 WorkerThread "GC Thread#2"                     [id=35912, stack(0x00000085fcb00000,0x00000085fcc00000) (1024K)]
  0x0000018d05286580 WorkerThread "GC Thread#3"                     [id=36028, stack(0x00000085fcc00000,0x00000085fcd00000) (1024K)]
  0x0000018d05286920 WorkerThread "GC Thread#4"                     [id=27132, stack(0x00000085fcd00000,0x00000085fce00000) (1024K)]
  0x0000018d05726270 WorkerThread "GC Thread#5"                     [id=36088, stack(0x00000085fce00000,0x00000085fcf00000) (1024K)]
  0x0000018d05726610 WorkerThread "GC Thread#6"                     [id=34292, stack(0x00000085fcf00000,0x00000085fd000000) (1024K)]
  0x0000018d0534f9a0 WorkerThread "GC Thread#7"                     [id=35824, stack(0x00000085fd100000,0x00000085fd200000) (1024K)]
  0x0000018d0534fd40 WorkerThread "GC Thread#8"                     [id=35860, stack(0x00000085fd500000,0x00000085fd600000) (1024K)]
  0x0000018d05350480 WorkerThread "GC Thread#9"                     [id=21772, stack(0x00000085fd600000,0x00000085fd700000) (1024K)]
Total: 12

Threads with active compile tasks:
Total: 0

VM state: not at safepoint (normal execution)

VM Mutex/Monitor currently owned by a thread: None

Heap address: 0x0000000080000000, size: 2048 MB, Compressed Oops mode: 32-bit

CDS archive(s) mapped at: [0x0000018d38000000-0x0000018d38ba0000-0x0000018d3e250000), size 103088128, SharedBaseAddress: 0x0000018d38000000, ArchiveRelocationMode: 1.
Compressed class space mapped at: 0x0000018d3f000000-0x0000018d7f000000, reserved size: 1073741824
Narrow klass base: 0x0000018d38000000, Narrow klass shift: 0, Narrow klass range: 0x100000000

GC Precious Log:
 CardTable entry size: 512
 CPUs: 12 total, 12 available
 Memory: 23895M
 Large Page Support: Disabled
 NUMA Support: Disabled
 Compressed Oops: Enabled (32-bit)
 Alignments: Space 512K, Generation 512K, Heap 2M
 Heap Min Capacity: 100M
 Heap Initial Capacity: 100M
 Heap Max Capacity: 2G
 Pre-touch: Disabled
 Parallel Workers: 10

Heap:
 PSYoungGen      total 12288K, used 1808K [0x00000000d5580000, 0x00000000d6900000, 0x0000000100000000)
  eden space 10752K, 6% used [0x00000000d5580000,0x00000000d5624190,0x00000000d6000000)
  from space 1536K, 75% used [0x00000000d6080000,0x00000000d61a0010,0x00000000d6200000)
  to   space 3072K, 0% used [0x00000000d6600000,0x00000000d6600000,0x00000000d6900000)
 ParOldGen       total 569344K, used 569326K [0x0000000080000000, 0x00000000a2c00000, 0x00000000d5580000)
  object space 569344K, 99% used [0x0000000080000000,0x00000000a2bfb998,0x00000000a2c00000)
 Metaspace       used 36171K, committed 37440K, reserved 1114112K
  class space    used 2756K, committed 3328K, reserved 1048576K

Card table byte_map: [0x0000018d32ce0000,0x0000018d330f0000] _byte_map_base: 0x0000018d328e0000

Marking Bits: (ParMarkBitMap*) 0x00007ffed34d2460
 Begin Bits: [0x0000018d333a0000, 0x0000018d353a0000)
 End Bits:   [0x0000018d353a0000, 0x0000018d373a0000)

Polling page: 0x0000018d23ad0000

Metaspace:

Usage:
  Non-class:     32.63 MB used.
      Class:      2.69 MB used.
       Both:     35.32 MB used.

Virtual space:
  Non-class space:       64.00 MB reserved,      33.31 MB ( 52%) committed,  1 nodes.
      Class space:        1.00 GB reserved,       3.25 MB ( <1%) committed,  1 nodes.
             Both:        1.06 GB reserved,      36.56 MB (  3%) committed. 

Chunk freelists:
   Non-Class:  14.69 MB
       Class:  12.69 MB
        Both:  27.38 MB

MaxMetaspaceSize: unlimited
CompressedClassSpaceSize: 1.00 GB
Initial GC threshold: 21.00 MB
Current GC threshold: 60.75 MB
CDS: on
 - commit_granule_bytes: 65536.
 - commit_granule_words: 8192.
 - virtual_space_node_default_size: 8388608.
 - enlarge_chunks_in_place: 1.
 - use_allocation_guard: 0.


Internal statistics:

num_allocs_failed_limit: 3.
num_arena_births: 1306.
num_arena_deaths: 8.
num_vsnodes_births: 2.
num_vsnodes_deaths: 0.
num_space_committed: 585.
num_space_uncommitted: 0.
num_chunks_returned_to_freelist: 11.
num_chunks_taken_from_freelist: 3436.
num_chunk_merges: 7.
num_chunk_splits: 1994.
num_chunks_enlarged: 988.
num_inconsistent_stats: 0.

CodeHeap 'non-profiled nmethods': size=120000Kb used=19615Kb max_used=21651Kb free=100384Kb
 bounds [0x0000018d2b5c0000, 0x0000018d2caf0000, 0x0000018d32af0000]
CodeHeap 'profiled nmethods': size=120000Kb used=31208Kb max_used=43864Kb free=88791Kb
 bounds [0x0000018d23af0000, 0x0000018d265d0000, 0x0000018d2b020000]
CodeHeap 'non-nmethods': size=5760Kb used=1530Kb max_used=1641Kb free=4229Kb
 bounds [0x0000018d2b020000, 0x0000018d2b290000, 0x0000018d2b5c0000]
CodeCache: size=245760Kb, used=52353Kb, max_used=67156Kb, free=193404Kb
 total_blobs=14460, nmethods=13608, adapters=754, full_count=0
Compilation: enabled, stopped_count=0, restarted_count=0

Compilation events (20 events):
Event: 1192.980 Thread 0x0000018d00acfd10 nmethod 26548 0x0000018d257ede90 code [0x0000018d257ee0c0, 0x0000018d257ee870]
Event: 1192.980 Thread 0x0000018d00acfd10 26549       3       org.eclipse.core.internal.resources.MarkerManager::snap (11 bytes)
Event: 1192.980 Thread 0x0000018d00acfd10 nmethod 26549 0x0000018d2596af10 code [0x0000018d2596b0c0, 0x0000018d2596b208]
Event: 1192.980 Thread 0x0000018d00acfd10 26551       3       org.eclipse.core.internal.resources.Synchronizer::snapSyncInfo (11 bytes)
Event: 1192.981 Thread 0x0000018d00acfd10 nmethod 26551 0x0000018d2596ab10 code [0x0000018d2596acc0, 0x0000018d2596ae08]
Event: 1192.981 Thread 0x0000018d00acfd10 26552       3       org.eclipse.core.internal.resources.SyncInfoWriter::snapSyncInfo (157 bytes)
Event: 1192.984 Thread 0x0000018d00acfd10 nmethod 26552 0x0000018d25360f90 code [0x0000018d25361480, 0x0000018d25363f40]
Event: 1193.007 Thread 0x0000018d00acf280 nmethod 26527 0x0000018d2b9cee10 code [0x0000018d2b9cf160, 0x0000018d2b9d09f0]
Event: 1193.007 Thread 0x0000018d00acf280 26528       4       java.io.ObjectOutputStream$BlockDataOutputStream::writeBytes (144 bytes)
Event: 1193.017 Thread 0x0000018d00acf280 nmethod 26528 0x0000018d2bb30810 code [0x0000018d2bb309e0, 0x0000018d2bb31058]
Event: 1193.017 Thread 0x0000018d00acf280 26531   !   4       java.io.ObjectOutputStream::defaultWriteFields (288 bytes)
Event: 1193.109 Thread 0x0000018d00acf280 nmethod 26531 0x0000018d2c7bd010 code [0x0000018d2c7bd420, 0x0000018d2c7bf670]
Event: 1193.109 Thread 0x0000018d00acf280 26530       4       java.io.ObjectStreamClass::forClass (52 bytes)
Event: 1193.110 Thread 0x0000018d00acf280 nmethod 26530 0x0000018d2c855a90 code [0x0000018d2c855c20, 0x0000018d2c855ce8]
Event: 1193.123 Thread 0x0000018d00acfd10 26553       3       com.sun.org.apache.xerces.internal.impl.XMLDocumentScannerImpl::<init> (126 bytes)
Event: 1193.124 Thread 0x0000018d00acfd10 nmethod 26553 0x0000018d26046990 code [0x0000018d26046bc0, 0x0000018d26047650]
Event: 1193.124 Thread 0x0000018d00acfd10 26554       3       com.sun.org.apache.xerces.internal.impl.XMLDocumentFragmentScannerImpl::<init> (329 bytes)
Event: 1193.125 Thread 0x0000018d00acfd10 nmethod 26554 0x0000018d24b3bf10 code [0x0000018d24b3c220, 0x0000018d24b3da68]
Event: 1193.125 Thread 0x0000018d00acfd10 26555       3       com.sun.org.apache.xerces.internal.impl.XMLDocumentScannerImpl$ContentDriver::<init> (11 bytes)
Event: 1193.125 Thread 0x0000018d00acfd10 nmethod 26555 0x0000018d2596a690 code [0x0000018d2596a840, 0x0000018d2596aa30]

GC Heap History (20 events):
Event: 1188.502 GC heap before
{Heap before GC invocations=3364 (full 8):
 PSYoungGen      total 11264K, used 11159K [0x00000000d5580000, 0x00000000d6b00000, 0x0000000100000000)
  eden space 9728K, 99% used [0x00000000d5580000,0x00000000d5eea1d8,0x00000000d5f00000)
  from space 1536K, 98% used [0x00000000d5f00000,0x00000000d607bc08,0x00000000d6080000)
  to   space 5632K, 0% used [0x00000000d6580000,0x00000000d6580000,0x00000000d6b00000)
 ParOldGen       total 551424K, used 550919K [0x0000000080000000, 0x00000000a1a80000, 0x00000000d5580000)
  object space 551424K, 99% used [0x0000000080000000,0x00000000a1a01ea8,0x00000000a1a80000)
 Metaspace       used 36145K, committed 37440K, reserved 1114112K
  class space    used 2756K, committed 3328K, reserved 1048576K
}
Event: 1188.508 GC heap after
{Heap after GC invocations=3364 (full 8):
 PSYoungGen      total 14336K, used 5621K [0x00000000d5580000, 0x00000000d6f00000, 0x0000000100000000)
  eden space 8704K, 0% used [0x00000000d5580000,0x00000000d5580000,0x00000000d5e00000)
  from space 5632K, 99% used [0x00000000d6580000,0x00000000d6afd650,0x00000000d6b00000)
  to   space 7680K, 0% used [0x00000000d5e00000,0x00000000d5e00000,0x00000000d6580000)
 ParOldGen       total 552448K, used 552356K [0x0000000080000000, 0x00000000a1b80000, 0x00000000d5580000)
  object space 552448K, 99% used [0x0000000080000000,0x00000000a1b69020,0x00000000a1b80000)
 Metaspace       used 36145K, committed 37440K, reserved 1114112K
  class space    used 2756K, committed 3328K, reserved 1048576K
}
Event: 1188.588 GC heap before
{Heap before GC invocations=3365 (full 8):
 PSYoungGen      total 14336K, used 14325K [0x00000000d5580000, 0x00000000d6f00000, 0x0000000100000000)
  eden space 8704K, 100% used [0x00000000d5580000,0x00000000d5e00000,0x00000000d5e00000)
  from space 5632K, 99% used [0x00000000d6580000,0x00000000d6afd650,0x00000000d6b00000)
  to   space 7680K, 0% used [0x00000000d5e00000,0x00000000d5e00000,0x00000000d6580000)
 ParOldGen       total 552448K, used 552356K [0x0000000080000000, 0x00000000a1b80000, 0x00000000d5580000)
  object space 552448K, 99% used [0x0000000080000000,0x00000000a1b69020,0x00000000a1b80000)
 Metaspace       used 36145K, committed 37440K, reserved 1114112K
  class space    used 2756K, committed 3328K, reserved 1048576K
}
Event: 1188.594 GC heap after
{Heap after GC invocations=3365 (full 8):
 PSYoungGen      total 16384K, used 5690K [0x00000000d5580000, 0x00000000d6c00000, 0x0000000100000000)
  eden space 8704K, 0% used [0x00000000d5580000,0x00000000d5580000,0x00000000d5e00000)
  from space 7680K, 74% used [0x00000000d5e00000,0x00000000d638e910,0x00000000d6580000)
  to   space 6656K, 0% used [0x00000000d6580000,0x00000000d6580000,0x00000000d6c00000)
 ParOldGen       total 558080K, used 557945K [0x0000000080000000, 0x00000000a2100000, 0x00000000d5580000)
  object space 558080K, 99% used [0x0000000080000000,0x00000000a20de650,0x00000000a2100000)
 Metaspace       used 36145K, committed 37440K, reserved 1114112K
  class space    used 2756K, committed 3328K, reserved 1048576K
}
Event: 1188.875 GC heap before
{Heap before GC invocations=3366 (full 8):
 PSYoungGen      total 16384K, used 14394K [0x00000000d5580000, 0x00000000d6c00000, 0x0000000100000000)
  eden space 8704K, 100% used [0x00000000d5580000,0x00000000d5e00000,0x00000000d5e00000)
  from space 7680K, 74% used [0x00000000d5e00000,0x00000000d638e910,0x00000000d6580000)
  to   space 6656K, 0% used [0x00000000d6580000,0x00000000d6580000,0x00000000d6c00000)
 ParOldGen       total 558080K, used 557945K [0x0000000080000000, 0x00000000a2100000, 0x00000000d5580000)
  object space 558080K, 99% used [0x0000000080000000,0x00000000a20de650,0x00000000a2100000)
 Metaspace       used 36145K, committed 37440K, reserved 1114112K
  class space    used 2756K, committed 3328K, reserved 1048576K
}
Event: 1188.880 GC heap after
{Heap after GC invocations=3366 (full 8):
 PSYoungGen      total 16384K, used 6296K [0x00000000d5580000, 0x00000000d6c00000, 0x0000000100000000)
  eden space 9728K, 0% used [0x00000000d5580000,0x00000000d5580000,0x00000000d5f00000)
  from space 6656K, 94% used [0x00000000d6580000,0x00000000d6ba6280,0x00000000d6c00000)
  to   space 6656K, 0% used [0x00000000d5f00000,0x00000000d5f00000,0x00000000d6580000)
 ParOldGen       total 558080K, used 557945K [0x0000000080000000, 0x00000000a2100000, 0x00000000d5580000)
  object space 558080K, 99% used [0x0000000080000000,0x00000000a20de650,0x00000000a2100000)
 Metaspace       used 36145K, committed 37440K, reserved 1114112K
  class space    used 2756K, committed 3328K, reserved 1048576K
}
Event: 1189.586 GC heap before
{Heap before GC invocations=3367 (full 8):
 PSYoungGen      total 16384K, used 16024K [0x00000000d5580000, 0x00000000d6c00000, 0x0000000100000000)
  eden space 9728K, 100% used [0x00000000d5580000,0x00000000d5f00000,0x00000000d5f00000)
  from space 6656K, 94% used [0x00000000d6580000,0x00000000d6ba6280,0x00000000d6c00000)
  to   space 6656K, 0% used [0x00000000d5f00000,0x00000000d5f00000,0x00000000d6580000)
 ParOldGen       total 558080K, used 557945K [0x0000000080000000, 0x00000000a2100000, 0x00000000d5580000)
  object space 558080K, 99% used [0x0000000080000000,0x00000000a20de650,0x00000000a2100000)
 Metaspace       used 36145K, committed 37440K, reserved 1114112K
  class space    used 2756K, committed 3328K, reserved 1048576K
}
Event: 1189.591 GC heap after
{Heap after GC invocations=3367 (full 8):
 PSYoungGen      total 13824K, used 3909K [0x00000000d5580000, 0x00000000d6900000, 0x0000000100000000)
  eden space 9728K, 0% used [0x00000000d5580000,0x00000000d5580000,0x00000000d5f00000)
  from space 4096K, 95% used [0x00000000d5f00000,0x00000000d62d1430,0x00000000d6300000)
  to   space 5120K, 0% used [0x00000000d6400000,0x00000000d6400000,0x00000000d6900000)
 ParOldGen       total 558080K, used 557945K [0x0000000080000000, 0x00000000a2100000, 0x00000000d5580000)
  object space 558080K, 99% used [0x0000000080000000,0x00000000a20de650,0x00000000a2100000)
 Metaspace       used 36145K, committed 37440K, reserved 1114112K
  class space    used 2756K, committed 3328K, reserved 1048576K
}
Event: 1189.637 GC heap before
{Heap before GC invocations=3368 (full 8):
 PSYoungGen      total 13824K, used 13593K [0x00000000d5580000, 0x00000000d6900000, 0x0000000100000000)
  eden space 9728K, 99% used [0x00000000d5580000,0x00000000d5ef5360,0x00000000d5f00000)
  from space 4096K, 95% used [0x00000000d5f00000,0x00000000d62d1430,0x00000000d6300000)
  to   space 5120K, 0% used [0x00000000d6400000,0x00000000d6400000,0x00000000d6900000)
 ParOldGen       total 558080K, used 557945K [0x0000000080000000, 0x00000000a2100000, 0x00000000d5580000)
  object space 558080K, 99% used [0x0000000080000000,0x00000000a20de650,0x00000000a2100000)
 Metaspace       used 36145K, committed 37440K, reserved 1114112K
  class space    used 2756K, committed 3328K, reserved 1048576K
}
Event: 1189.641 GC heap after
{Heap after GC invocations=3368 (full 8):
 PSYoungGen      total 13824K, used 5115K [0x00000000d5580000, 0x00000000d6b00000, 0x0000000100000000)
  eden space 8704K, 0% used [0x00000000d5580000,0x00000000d5580000,0x00000000d5e00000)
  from space 5120K, 99% used [0x00000000d6400000,0x00000000d68fefa8,0x00000000d6900000)
  to   space 6144K, 0% used [0x00000000d5e00000,0x00000000d5e00000,0x00000000d6400000)
 ParOldGen       total 558592K, used 558449K [0x0000000080000000, 0x00000000a2180000, 0x00000000d5580000)
  object space 558592K, 99% used [0x0000000080000000,0x00000000a215c670,0x00000000a2180000)
 Metaspace       used 36145K, committed 37440K, reserved 1114112K
  class space    used 2756K, committed 3328K, reserved 1048576K
}
Event: 1189.697 GC heap before
{Heap before GC invocations=3369 (full 8):
 PSYoungGen      total 13824K, used 13819K [0x00000000d5580000, 0x00000000d6b00000, 0x0000000100000000)
  eden space 8704K, 100% used [0x00000000d5580000,0x00000000d5e00000,0x00000000d5e00000)
  from space 5120K, 99% used [0x00000000d6400000,0x00000000d68fefa8,0x00000000d6900000)
  to   space 6144K, 0% used [0x00000000d5e00000,0x00000000d5e00000,0x00000000d6400000)
 ParOldGen       total 558592K, used 558449K [0x0000000080000000, 0x00000000a2180000, 0x00000000d5580000)
  object space 558592K, 99% used [0x0000000080000000,0x00000000a215c670,0x00000000a2180000)
 Metaspace       used 36148K, committed 37440K, reserved 1114112K
  class space    used 2756K, committed 3328K, reserved 1048576K
}
Event: 1189.704 GC heap after
{Heap after GC invocations=3369 (full 8):
 PSYoungGen      total 14848K, used 6129K [0x00000000d5580000, 0x00000000d7900000, 0x0000000100000000)
  eden space 8704K, 0% used [0x00000000d5580000,0x00000000d5580000,0x00000000d5e00000)
  from space 6144K, 99% used [0x00000000d5e00000,0x00000000d63fc558,0x00000000d6400000)
  to   space 13312K, 0% used [0x00000000d6c00000,0x00000000d6c00000,0x00000000d7900000)
 ParOldGen       total 564736K, used 564303K [0x0000000080000000, 0x00000000a2780000, 0x00000000d5580000)
  object space 564736K, 99% used [0x0000000080000000,0x00000000a2713c48,0x00000000a2780000)
 Metaspace       used 36148K, committed 37440K, reserved 1114112K
  class space    used 2756K, committed 3328K, reserved 1048576K
}
Event: 1189.879 GC heap before
{Heap before GC invocations=3370 (full 8):
 PSYoungGen      total 14848K, used 14833K [0x00000000d5580000, 0x00000000d7900000, 0x0000000100000000)
  eden space 8704K, 100% used [0x00000000d5580000,0x00000000d5e00000,0x00000000d5e00000)
  from space 6144K, 99% used [0x00000000d5e00000,0x00000000d63fc558,0x00000000d6400000)
  to   space 13312K, 0% used [0x00000000d6c00000,0x00000000d6c00000,0x00000000d7900000)
 ParOldGen       total 564736K, used 564303K [0x0000000080000000, 0x00000000a2780000, 0x00000000d5580000)
  object space 564736K, 99% used [0x0000000080000000,0x00000000a2713c48,0x00000000a2780000)
 Metaspace       used 36149K, committed 37440K, reserved 1114112K
  class space    used 2756K, committed 3328K, reserved 1048576K
}
Event: 1189.883 GC heap after
{Heap after GC invocations=3370 (full 8):
 PSYoungGen      total 14848K, used 5014K [0x00000000d5580000, 0x00000000d7100000, 0x0000000100000000)
  eden space 9728K, 0% used [0x00000000d5580000,0x00000000d5580000,0x00000000d5f00000)
  from space 5120K, 97% used [0x00000000d6c00000,0x00000000d70e5808,0x00000000d7100000)
  to   space 7680K, 0% used [0x00000000d6200000,0x00000000d6200000,0x00000000d6980000)
 ParOldGen       total 567296K, used 566851K [0x0000000080000000, 0x00000000a2a00000, 0x00000000d5580000)
  object space 567296K, 99% used [0x0000000080000000,0x00000000a2990f60,0x00000000a2a00000)
 Metaspace       used 36149K, committed 37440K, reserved 1114112K
  class space    used 2756K, committed 3328K, reserved 1048576K
}
Event: 1191.951 GC heap before
{Heap before GC invocations=3371 (full 8):
 PSYoungGen      total 14848K, used 14741K [0x00000000d5580000, 0x00000000d7100000, 0x0000000100000000)
  eden space 9728K, 99% used [0x00000000d5580000,0x00000000d5effd60,0x00000000d5f00000)
  from space 5120K, 97% used [0x00000000d6c00000,0x00000000d70e5808,0x00000000d7100000)
  to   space 7680K, 0% used [0x00000000d6200000,0x00000000d6200000,0x00000000d6980000)
 ParOldGen       total 567296K, used 566851K [0x0000000080000000, 0x00000000a2a00000, 0x00000000d5580000)
  object space 567296K, 99% used [0x0000000080000000,0x00000000a2990f60,0x00000000a2a00000)
 Metaspace       used 36149K, committed 37440K, reserved 1114112K
  class space    used 2756K, committed 3328K, reserved 1048576K
}
Event: 1191.957 GC heap after
{Heap after GC invocations=3371 (full 8):
 PSYoungGen      total 12800K, used 2847K [0x00000000d5580000, 0x00000000d6c80000, 0x0000000100000000)
  eden space 9728K, 0% used [0x00000000d5580000,0x00000000d5580000,0x00000000d5f00000)
  from space 3072K, 92% used [0x00000000d6200000,0x00000000d64c7c18,0x00000000d6500000)
  to   space 4096K, 0% used [0x00000000d6880000,0x00000000d6880000,0x00000000d6c80000)
 ParOldGen       total 567296K, used 566851K [0x0000000080000000, 0x00000000a2a00000, 0x00000000d5580000)
  object space 567296K, 99% used [0x0000000080000000,0x00000000a2990f60,0x00000000a2a00000)
 Metaspace       used 36149K, committed 37440K, reserved 1114112K
  class space    used 2756K, committed 3328K, reserved 1048576K
}
Event: 1192.008 GC heap before
{Heap before GC invocations=3372 (full 8):
 PSYoungGen      total 12800K, used 12547K [0x00000000d5580000, 0x00000000d6c80000, 0x0000000100000000)
  eden space 9728K, 99% used [0x00000000d5580000,0x00000000d5ef9238,0x00000000d5f00000)
  from space 3072K, 92% used [0x00000000d6200000,0x00000000d64c7c18,0x00000000d6500000)
  to   space 4096K, 0% used [0x00000000d6880000,0x00000000d6880000,0x00000000d6c80000)
 ParOldGen       total 567296K, used 566851K [0x0000000080000000, 0x00000000a2a00000, 0x00000000d5580000)
  object space 567296K, 99% used [0x0000000080000000,0x00000000a2990f60,0x00000000a2a00000)
 Metaspace       used 36149K, committed 37440K, reserved 1114112K
  class space    used 2756K, committed 3328K, reserved 1048576K
}
Event: 1192.014 GC heap after
{Heap after GC invocations=3372 (full 8):
 PSYoungGen      total 14848K, used 4095K [0x00000000d5580000, 0x00000000d6c80000, 0x0000000100000000)
  eden space 10752K, 0% used [0x00000000d5580000,0x00000000d5580000,0x00000000d6000000)
  from space 4096K, 99% used [0x00000000d6880000,0x00000000d6c7ff08,0x00000000d6c80000)
  to   space 6144K, 0% used [0x00000000d6080000,0x00000000d6080000,0x00000000d6680000)
 ParOldGen       total 568320K, used 568318K [0x0000000080000000, 0x00000000a2b00000, 0x00000000d5580000)
  object space 568320K, 99% used [0x0000000080000000,0x00000000a2aff998,0x00000000a2b00000)
 Metaspace       used 36149K, committed 37440K, reserved 1114112K
  class space    used 2756K, committed 3328K, reserved 1048576K
}
Event: 1193.126 GC heap before
{Heap before GC invocations=3373 (full 8):
 PSYoungGen      total 14848K, used 14847K [0x00000000d5580000, 0x00000000d6c80000, 0x0000000100000000)
  eden space 10752K, 100% used [0x00000000d5580000,0x00000000d6000000,0x00000000d6000000)
  from space 4096K, 99% used [0x00000000d6880000,0x00000000d6c7ff08,0x00000000d6c80000)
  to   space 6144K, 0% used [0x00000000d6080000,0x00000000d6080000,0x00000000d6680000)
 ParOldGen       total 568320K, used 568318K [0x0000000080000000, 0x00000000a2b00000, 0x00000000d5580000)
  object space 568320K, 99% used [0x0000000080000000,0x00000000a2aff998,0x00000000a2b00000)
 Metaspace       used 36171K, committed 37440K, reserved 1114112K
  class space    used 2756K, committed 3328K, reserved 1048576K
}
Event: 1193.132 GC heap after
{Heap after GC invocations=3373 (full 8):
 PSYoungGen      total 12288K, used 1152K [0x00000000d5580000, 0x00000000d6900000, 0x0000000100000000)
  eden space 10752K, 0% used [0x00000000d5580000,0x00000000d5580000,0x00000000d6000000)
  from space 1536K, 75% used [0x00000000d6080000,0x00000000d61a0010,0x00000000d6200000)
  to   space 3072K, 0% used [0x00000000d6600000,0x00000000d6600000,0x00000000d6900000)
 ParOldGen       total 569344K, used 569326K [0x0000000080000000, 0x00000000a2c00000, 0x00000000d5580000)
  object space 569344K, 99% used [0x0000000080000000,0x00000000a2bfb998,0x00000000a2c00000)
 Metaspace       used 36171K, committed 37440K, reserved 1114112K
  class space    used 2756K, committed 3328K, reserved 1048576K
}

Dll operation events (14 events):
Event: 0.038 Loaded shared library c:\Users\VICTORINO\.vscode\extensions\redhat.java-1.48.2025111408-win32-x64\jre\21.0.9-win32-x86_64\bin\java.dll
Event: 0.287 Loaded shared library c:\Users\VICTORINO\.vscode\extensions\redhat.java-1.48.2025111408-win32-x64\jre\21.0.9-win32-x86_64\bin\zip.dll
Event: 0.291 Loaded shared library C:\Users\VICTORINO\.vscode\extensions\redhat.java-1.48.2025111408-win32-x64\jre\21.0.9-win32-x86_64\bin\instrument.dll
Event: 0.299 Loaded shared library C:\Users\VICTORINO\.vscode\extensions\redhat.java-1.48.2025111408-win32-x64\jre\21.0.9-win32-x86_64\bin\net.dll
Event: 0.301 Loaded shared library C:\Users\VICTORINO\.vscode\extensions\redhat.java-1.48.2025111408-win32-x64\jre\21.0.9-win32-x86_64\bin\nio.dll
Event: 0.306 Loaded shared library C:\Users\VICTORINO\.vscode\extensions\redhat.java-1.48.2025111408-win32-x64\jre\21.0.9-win32-x86_64\bin\zip.dll
Event: 0.338 Loaded shared library C:\Users\VICTORINO\.vscode\extensions\redhat.java-1.48.2025111408-win32-x64\jre\21.0.9-win32-x86_64\bin\jimage.dll
Event: 0.445 Loaded shared library c:\Users\VICTORINO\.vscode\extensions\redhat.java-1.48.2025111408-win32-x64\jre\21.0.9-win32-x86_64\bin\verify.dll
Event: 6.451 Loaded shared library C:\Users\VICTORINO\AppData\Roaming\Code\User\globalStorage\redhat.java\1.48.2025111408\config_win\org.eclipse.equinox.launcher\org.eclipse.equinox.launcher.win32.win32.x86_64_1.2.1400.v20250801-0854\eclipse_11916.dll
Event: 14.248 Loaded shared library C:\Users\VICTORINO\.vscode\extensions\redhat.java-1.48.2025111408-win32-x64\jre\21.0.9-win32-x86_64\bin\management.dll
Event: 14.252 Loaded shared library C:\Users\VICTORINO\.vscode\extensions\redhat.java-1.48.2025111408-win32-x64\jre\21.0.9-win32-x86_64\bin\management_ext.dll
Event: 15.311 Loaded shared library C:\Users\VICTORINO\AppData\Local\Temp\jna--632598749\jna2070591529026639746.dll
Event: 15.394 Loaded shared library C:\Users\VICTORINO\.vscode\extensions\redhat.java-1.48.2025111408-win32-x64\jre\21.0.9-win32-x86_64\bin\sunmscapi.dll
Event: 15.604 Loaded shared library C:\Users\VICTORINO\.vscode\extensions\redhat.java-1.48.2025111408-win32-x64\jre\21.0.9-win32-x86_64\bin\extnet.dll

Deoptimization events (20 events):
Event: 1184.425 Thread 0x0000018d06ae8960 Uncommon trap: trap_request=0xffffff45 fr.pc=0x0000018d2c969c3c relative=0x000000000000009c
Event: 1184.425 Thread 0x0000018d06ae8960 Uncommon trap: reason=unstable_if action=reinterpret pc=0x0000018d2c969c3c method=org.eclipse.jdt.core.dom.TypeBinding.isRecovered()Z @ 13 c2
Event: 1184.425 Thread 0x0000018d06ae8960 DEOPT PACKING pc=0x0000018d2c969c3c sp=0x00000085807fe560
Event: 1184.425 Thread 0x0000018d06ae8960 DEOPT UNPACKING pc=0x0000018d2b073aa2 sp=0x00000085807fe4f0 mode 2
Event: 1184.458 Thread 0x0000018d06ae8960 Uncommon trap: trap_request=0xffffff45 fr.pc=0x0000018d2bc72550 relative=0x00000000000001b0
Event: 1184.459 Thread 0x0000018d06ae8960 Uncommon trap: reason=unstable_if action=reinterpret pc=0x0000018d2bc72550 method=java.util.TreeMap.put(Ljava/lang/Object;Ljava/lang/Object;Z)Ljava/lang/Object; @ 66 c2
Event: 1184.459 Thread 0x0000018d06ae8960 DEOPT PACKING pc=0x0000018d2bc72550 sp=0x00000085807fe130
Event: 1184.459 Thread 0x0000018d06ae8960 DEOPT UNPACKING pc=0x0000018d2b073aa2 sp=0x00000085807fdfc8 mode 2
Event: 1184.459 Thread 0x0000018d06ae8960 Uncommon trap: trap_request=0xffffff45 fr.pc=0x0000018d2baf7e74 relative=0x00000000000001d4
Event: 1184.459 Thread 0x0000018d06ae8960 Uncommon trap: reason=unstable_if action=reinterpret pc=0x0000018d2baf7e74 method=java.util.TreeMap.put(Ljava/lang/Object;Ljava/lang/Object;Z)Ljava/lang/Object; @ 66 c2
Event: 1184.459 Thread 0x0000018d06ae8960 DEOPT PACKING pc=0x0000018d2baf7e74 sp=0x00000085807fe0a0
Event: 1184.459 Thread 0x0000018d06ae8960 DEOPT UNPACKING pc=0x0000018d2b073aa2 sp=0x00000085807fdfc8 mode 2
Event: 1192.896 Thread 0x0000018d114aaf80 Uncommon trap: trap_request=0xffffffc6 fr.pc=0x0000018d2b798c64 relative=0x00000000000001e4
Event: 1192.896 Thread 0x0000018d114aaf80 Uncommon trap: reason=bimorphic_or_optimized_type_check action=maybe_recompile pc=0x0000018d2b798c64 method=java.util.concurrent.ForkJoinTask.doExec()I @ 10 c2
Event: 1192.896 Thread 0x0000018d114aaf80 DEOPT PACKING pc=0x0000018d2b798c64 sp=0x0000008581cff060
Event: 1192.896 Thread 0x0000018d114aaf80 DEOPT UNPACKING pc=0x0000018d2b073aa2 sp=0x0000008581cfeff8 mode 2
Event: 1192.946 Thread 0x0000018d114aaf80 Uncommon trap: trap_request=0xffffffc6 fr.pc=0x0000018d2b798c64 relative=0x00000000000001e4
Event: 1192.946 Thread 0x0000018d114aaf80 Uncommon trap: reason=bimorphic_or_optimized_type_check action=maybe_recompile pc=0x0000018d2b798c64 method=java.util.concurrent.ForkJoinTask.doExec()I @ 10 c2
Event: 1192.946 Thread 0x0000018d114aaf80 DEOPT PACKING pc=0x0000018d2b798c64 sp=0x0000008581cfedd0
Event: 1192.946 Thread 0x0000018d114aaf80 DEOPT UNPACKING pc=0x0000018d2b073aa2 sp=0x0000008581cfed68 mode 2

Classes loaded (20 events):
Event: 988.399 Loading class jdk/internal/module/IllegalAccessLogger
Event: 988.399 Loading class jdk/internal/module/IllegalAccessLogger done
Event: 989.554 Loading class jdk/internal/module/IllegalAccessLogger
Event: 989.554 Loading class jdk/internal/module/IllegalAccessLogger done
Event: 990.755 Loading class jdk/internal/module/IllegalAccessLogger
Event: 990.755 Loading class jdk/internal/module/IllegalAccessLogger done
Event: 991.970 Loading class jdk/internal/module/IllegalAccessLogger
Event: 991.970 Loading class jdk/internal/module/IllegalAccessLogger done
Event: 1006.710 Loading class jdk/internal/module/IllegalAccessLogger
Event: 1006.710 Loading class jdk/internal/module/IllegalAccessLogger done
Event: 1009.212 Loading class jdk/internal/module/IllegalAccessLogger
Event: 1009.212 Loading class jdk/internal/module/IllegalAccessLogger done
Event: 1031.536 Loading class jdk/internal/module/IllegalAccessLogger
Event: 1031.536 Loading class jdk/internal/module/IllegalAccessLogger done
Event: 1126.601 Loading class jdk/internal/module/IllegalAccessLogger
Event: 1126.601 Loading class jdk/internal/module/IllegalAccessLogger done
Event: 1128.750 Loading class jdk/internal/module/IllegalAccessLogger
Event: 1128.750 Loading class jdk/internal/module/IllegalAccessLogger done
Event: 1186.683 Loading class jdk/internal/module/IllegalAccessLogger
Event: 1186.683 Loading class jdk/internal/module/IllegalAccessLogger done

Classes unloaded (4 events):
Event: 22.258 Thread 0x0000018d1f0ae4e0 Unloading class 0x0000018d3f0eec00 'java/lang/invoke/LambdaForm$MH+0x0000018d3f0eec00'
Event: 22.258 Thread 0x0000018d1f0ae4e0 Unloading class 0x0000018d3f0ee800 'java/lang/invoke/LambdaForm$MH+0x0000018d3f0ee800'
Event: 22.258 Thread 0x0000018d1f0ae4e0 Unloading class 0x0000018d3f0ee400 'java/lang/invoke/LambdaForm$MH+0x0000018d3f0ee400'
Event: 22.258 Thread 0x0000018d1f0ae4e0 Unloading class 0x0000018d3f0ee000 'java/lang/invoke/LambdaForm$MH+0x0000018d3f0ee000'

Classes redefined (0 events):
No events

Internal exceptions (20 events):
Event: 1185.620 Thread 0x0000018d06ae8960 Implicit null exception at 0x0000018d25b56c1b to 0x0000018d25b5a47b
Event: 1185.621 Thread 0x0000018d06ae8960 Exception <a 'java/lang/NullPointerException'{0x00000000d67218e0}> (0x00000000d67218e0) 
thrown [s\src\hotspot\share\runtime\sharedRuntime.cpp, line 625]
Event: 1186.201 Thread 0x0000018d06aedeb0 Implicit null exception at 0x0000018d25b56c1b to 0x0000018d25b5a47b
Event: 1186.202 Thread 0x0000018d06aedeb0 Exception <a 'java/lang/NullPointerException'{0x00000000d61359c8}> (0x00000000d61359c8) 
thrown [s\src\hotspot\share\runtime\sharedRuntime.cpp, line 625]
Event: 1186.204 Thread 0x0000018d06aedeb0 Implicit null exception at 0x0000018d25b56c1b to 0x0000018d25b5a47b
Event: 1186.204 Thread 0x0000018d06aedeb0 Exception <a 'java/lang/NullPointerException'{0x00000000d6137000}> (0x00000000d6137000) 
thrown [s\src\hotspot\share\runtime\sharedRuntime.cpp, line 625]
Event: 1186.204 Thread 0x0000018d06aedeb0 Implicit null exception at 0x0000018d25b56c1b to 0x0000018d25b5a47b
Event: 1186.205 Thread 0x0000018d06aedeb0 Exception <a 'java/lang/NullPointerException'{0x00000000d613bac8}> (0x00000000d613bac8) 
thrown [s\src\hotspot\share\runtime\sharedRuntime.cpp, line 625]
Event: 1186.205 Thread 0x0000018d06aedeb0 Implicit null exception at 0x0000018d25b56c1b to 0x0000018d25b5a47b
Event: 1186.205 Thread 0x0000018d06aedeb0 Exception <a 'java/lang/NullPointerException'{0x00000000d613c868}> (0x00000000d613c868) 
thrown [s\src\hotspot\share\runtime\sharedRuntime.cpp, line 625]
Event: 1186.205 Thread 0x0000018d06aedeb0 Implicit null exception at 0x0000018d25b56c1b to 0x0000018d25b5a47b
Event: 1186.205 Thread 0x0000018d06aedeb0 Exception <a 'java/lang/NullPointerException'{0x00000000d613d510}> (0x00000000d613d510) 
thrown [s\src\hotspot\share\runtime\sharedRuntime.cpp, line 625]
Event: 1186.205 Thread 0x0000018d06aedeb0 Implicit null exception at 0x0000018d25b56c1b to 0x0000018d25b5a47b
Event: 1186.205 Thread 0x0000018d06aedeb0 Exception <a 'java/lang/NullPointerException'{0x00000000d613e3b0}> (0x00000000d613e3b0) 
thrown [s\src\hotspot\share\runtime\sharedRuntime.cpp, line 625]
Event: 1186.205 Thread 0x0000018d06aedeb0 Implicit null exception at 0x0000018d25b56c1b to 0x0000018d25b5a47b
Event: 1186.205 Thread 0x0000018d06aedeb0 Exception <a 'java/lang/NullPointerException'{0x00000000d613f3c8}> (0x00000000d613f3c8) 
thrown [s\src\hotspot\share\runtime\sharedRuntime.cpp, line 625]
Event: 1186.570 Thread 0x0000018d00db3230 Exception <a 'sun/nio/fs/WindowsException'{0x00000000d5761b58}> (0x00000000d5761b58) 
thrown [s\src\hotspot\share\prims\jni.cpp, line 520]
Event: 1187.193 Thread 0x0000018d00db3230 Exception <a 'sun/nio/fs/WindowsException'{0x00000000d5af7678}> (0x00000000d5af7678) 
thrown [s\src\hotspot\share\prims\jni.cpp, line 520]
Event: 1192.903 Thread 0x0000018d06aedeb0 Exception <a 'sun/nio/fs/WindowsException'{0x00000000d5e9ad48}> (0x00000000d5e9ad48) 
thrown [s\src\hotspot\share\prims\jni.cpp, line 520]
Event: 1192.903 Thread 0x0000018d06aedeb0 Exception <a 'sun/nio/fs/WindowsException'{0x00000000d5e9b8c0}> (0x00000000d5e9b8c0) 
thrown [s\src\hotspot\share\prims\jni.cpp, line 520]

ZGC Phase Switch (0 events):
No events

VM Operations (20 events):
Event: 1189.879 Executing VM operation: ParallelGCFailedAllocation (Allocation Failure)
Event: 1189.883 Executing VM operation: ParallelGCFailedAllocation (Allocation Failure) done
Event: 1190.888 Executing VM operation: Cleanup
Event: 1190.888 Executing VM operation: Cleanup done
Event: 1191.951 Executing VM operation: ParallelGCFailedAllocation (Allocation Failure)
Event: 1191.958 Executing VM operation: ParallelGCFailedAllocation (Allocation Failure) done
Event: 1192.008 Executing VM operation: ParallelGCFailedAllocation (Allocation Failure)
Event: 1192.014 Executing VM operation: ParallelGCFailedAllocation (Allocation Failure) done
Event: 1193.014 Executing VM operation: Cleanup
Event: 1193.014 Executing VM operation: Cleanup done
Event: 1193.126 Executing VM operation: ParallelGCFailedAllocation (Allocation Failure)
Event: 1193.132 Executing VM operation: ParallelGCFailedAllocation (Allocation Failure) done
Event: 1195.134 Executing VM operation: Cleanup
Event: 1195.134 Executing VM operation: Cleanup done
Event: 1203.503 Executing VM operation: HandshakeAllThreads (HandshakeForDeflation)
Event: 1203.503 Executing VM operation: HandshakeAllThreads (HandshakeForDeflation) done
Event: 1203.503 Executing VM operation: RendezvousGCThreads
Event: 1203.503 Executing VM operation: RendezvousGCThreads done
Event: 1214.518 Executing VM operation: Cleanup
Event: 1214.518 Executing VM operation: Cleanup done

Memory protections (0 events):
No events

Nmethod flushes (20 events):
Event: 893.241 Thread 0x0000018d1f0ae4e0 flushing  nmethod 0x0000018d26491f90
Event: 893.241 Thread 0x0000018d1f0ae4e0 flushing  nmethod 0x0000018d26492810
Event: 893.241 Thread 0x0000018d1f0ae4e0 flushing  nmethod 0x0000018d26496890
Event: 893.241 Thread 0x0000018d1f0ae4e0 flushing  nmethod 0x0000018d26498790
Event: 893.241 Thread 0x0000018d1f0ae4e0 flushing  nmethod 0x0000018d264a8910
Event: 893.241 Thread 0x0000018d1f0ae4e0 flushing  nmethod 0x0000018d264af090
Event: 893.241 Thread 0x0000018d1f0ae4e0 flushing  nmethod 0x0000018d264be010
Event: 893.241 Thread 0x0000018d1f0ae4e0 flushing  nmethod 0x0000018d264bf290
Event: 893.241 Thread 0x0000018d1f0ae4e0 flushing  nmethod 0x0000018d264c6110
Event: 893.241 Thread 0x0000018d1f0ae4e0 flushing  nmethod 0x0000018d264c9910
Event: 893.241 Thread 0x0000018d1f0ae4e0 flushing  nmethod 0x0000018d264d4e90
Event: 893.241 Thread 0x0000018d1f0ae4e0 flushing  nmethod 0x0000018d264e2d90
Event: 893.241 Thread 0x0000018d1f0ae4e0 flushing  nmethod 0x0000018d26511e90
Event: 893.241 Thread 0x0000018d1f0ae4e0 flushing  nmethod 0x0000018d26533f10
Event: 893.241 Thread 0x0000018d1f0ae4e0 flushing  nmethod 0x0000018d2655c990
Event: 893.241 Thread 0x0000018d1f0ae4e0 flushing  nmethod 0x0000018d26599510
Event: 1126.354 Thread 0x0000018d1f0ae4e0 flushing  nmethod 0x0000018d24426b10
Event: 1126.354 Thread 0x0000018d1f0ae4e0 flushing  nmethod 0x0000018d24a90e90
Event: 1126.354 Thread 0x0000018d1f0ae4e0 flushing osr nmethod 0x0000018d252b1090
Event: 1126.354 Thread 0x0000018d1f0ae4e0 flushing  nmethod 0x0000018d26013f90

Events (20 events):
Event: 1008.112 Thread 0x0000018d00acfd10 Thread added: 0x0000018d09f313c0
Event: 1008.472 Thread 0x0000018d09f313c0 Thread exited: 0x0000018d09f313c0
Event: 1008.575 Thread 0x0000018d09f30620 Thread exited: 0x0000018d09f30620
Event: 1091.564 Thread 0x0000018d06aed190 Thread exited: 0x0000018d06aed190
Event: 1092.185 Thread 0x0000018d07d083a0 Thread exited: 0x0000018d07d083a0
Event: 1092.233 Thread 0x0000018d06aeb750 Thread exited: 0x0000018d06aeb750
Event: 1126.602 Thread 0x0000018d06aedeb0 Thread added: 0x0000018d114aea90
Event: 1126.629 Thread 0x0000018d00acf280 Thread added: 0x0000018d0605cfb0
Event: 1126.867 Thread 0x0000018d07d0df80 Thread added: 0x0000018d114af7b0
Event: 1126.962 Thread 0x0000018d0605cfb0 Thread exited: 0x0000018d0605cfb0
Event: 1183.903 Thread 0x0000018d00acfd10 Thread added: 0x0000018d09f2e410
Event: 1185.596 Thread 0x0000018d09f2e410 Thread exited: 0x0000018d09f2e410
Event: 1186.562 Thread 0x0000018d07d0df80 Thread added: 0x0000018d114a8820
Event: 1186.572 Thread 0x0000018d114a8820 Thread added: 0x0000018d114a9bd0
Event: 1186.902 Thread 0x0000018d00acfd10 Thread added: 0x0000018d09f2f880
Event: 1187.056 Thread 0x0000018d09f2f880 Thread exited: 0x0000018d09f2f880
Event: 1192.785 Thread 0x0000018d06aedeb0 Thread added: 0x0000018d114aaf80
Event: 1192.897 Thread 0x0000018d114aaf80 Thread exited: 0x0000018d114aaf80
Event: 1192.906 Thread 0x0000018d06aedeb0 Thread added: 0x0000018d114aaf80
Event: 1192.947 Thread 0x0000018d114aaf80 Thread exited: 0x0000018d114aaf80


Dynamic libraries:
0x00007ff7094e0000 - 0x00007ff7094ee000 	c:\Users\VICTORINO\.vscode\extensions\redhat.java-1.48.2025111408-win32-x64\jre\21.0.9-win32-x86_64\bin\java.exe
0x00007fff84330000 - 0x00007fff84548000 	C:\WINDOWS\SYSTEM32\ntdll.dll
0x00007fff82e90000 - 0x00007fff82f54000 	C:\WINDOWS\System32\KERNEL32.DLL
0x00007fff81740000 - 0x00007fff81b13000 	C:\WINDOWS\System32\KERNELBASE.dll
0x00007fff81570000 - 0x00007fff81681000 	C:\WINDOWS\System32\ucrtbase.dll
0x00007fff353b0000 - 0x00007fff353ce000 	c:\Users\VICTORINO\.vscode\extensions\redhat.java-1.48.2025111408-win32-x64\jre\21.0.9-win32-x86_64\bin\VCRUNTIME140.dll
0x00007fff35390000 - 0x00007fff353a8000 	c:\Users\VICTORINO\.vscode\extensions\redhat.java-1.48.2025111408-win32-x64\jre\21.0.9-win32-x86_64\bin\jli.dll
0x00007fff82cc0000 - 0x00007fff82e72000 	C:\WINDOWS\System32\USER32.dll
0x00007fff6b3e0000 - 0x00007fff6b67c000 	C:\WINDOWS\WinSxS\amd64_microsoft.windows.common-controls_6595b64144ccf1df_6.0.22621.6060_none_2712eda17382d24b\COMCTL32.dll
0x00007fff84070000 - 0x00007fff84117000 	C:\WINDOWS\System32\msvcrt.dll
0x00007fff81c40000 - 0x00007fff81c66000 	C:\WINDOWS\System32\win32u.dll
0x00007fff828f0000 - 0x00007fff82919000 	C:\WINDOWS\System32\GDI32.dll
0x00007fff81c70000 - 0x00007fff81d93000 	C:\WINDOWS\System32\gdi32full.dll
0x00007fff81ba0000 - 0x00007fff81c3a000 	C:\WINDOWS\System32\msvcp_win.dll
0x00007fff82020000 - 0x00007fff82051000 	C:\WINDOWS\System32\IMM32.DLL
0x00007ffeefab0000 - 0x00007ffeefabc000 	c:\Users\VICTORINO\.vscode\extensions\redhat.java-1.48.2025111408-win32-x64\jre\21.0.9-win32-x86_64\bin\vcruntime140_1.dll
0x00007ffeda500000 - 0x00007ffeda58d000 	c:\Users\VICTORINO\.vscode\extensions\redhat.java-1.48.2025111408-win32-x64\jre\21.0.9-win32-x86_64\bin\msvcp140.dll
0x00007ffed2810000 - 0x00007ffed35b0000 	c:\Users\VICTORINO\.vscode\extensions\redhat.java-1.48.2025111408-win32-x64\jre\21.0.9-win32-x86_64\bin\server\jvm.dll
0x00007fff822e0000 - 0x00007fff82391000 	C:\WINDOWS\System32\ADVAPI32.dll
0x00007fff83fc0000 - 0x00007fff84068000 	C:\WINDOWS\System32\sechost.dll
0x00007fff81710000 - 0x00007fff81738000 	C:\WINDOWS\System32\bcrypt.dll
0x00007fff82920000 - 0x00007fff82a38000 	C:\WINDOWS\System32\RPCRT4.dll
0x00007fff81fa0000 - 0x00007fff82011000 	C:\WINDOWS\System32\WS2_32.dll
0x00007fff812d0000 - 0x00007fff8131d000 	C:\WINDOWS\SYSTEM32\POWRPROF.dll
0x00007fff7f070000 - 0x00007fff7f0a4000 	C:\WINDOWS\SYSTEM32\WINMM.dll
0x00007fff7cf30000 - 0x00007fff7cf3a000 	C:\WINDOWS\SYSTEM32\VERSION.dll
0x00007fff812b0000 - 0x00007fff812c3000 	C:\WINDOWS\SYSTEM32\UMPDC.dll
0x00007fff80390000 - 0x00007fff803a8000 	C:\WINDOWS\SYSTEM32\kernel.appcore.dll
0x00007ffeef5a0000 - 0x00007ffeef5aa000 	c:\Users\VICTORINO\.vscode\extensions\redhat.java-1.48.2025111408-win32-x64\jre\21.0.9-win32-x86_64\bin\jimage.dll
0x00007fff7eab0000 - 0x00007fff7ece3000 	C:\WINDOWS\SYSTEM32\DBGHELP.DLL
0x00007fff82550000 - 0x00007fff828e2000 	C:\WINDOWS\System32\combase.dll
0x00007fff82b50000 - 0x00007fff82c28000 	C:\WINDOWS\System32\OLEAUT32.dll
0x00007fff6ac00000 - 0x00007fff6ac32000 	C:\WINDOWS\SYSTEM32\dbgcore.DLL
0x00007fff81690000 - 0x00007fff8170b000 	C:\WINDOWS\System32\bcryptPrimitives.dll
0x00007ffeea3f0000 - 0x00007ffeea3ff000 	c:\Users\VICTORINO\.vscode\extensions\redhat.java-1.48.2025111408-win32-x64\jre\21.0.9-win32-x86_64\bin\instrument.dll
0x00007ffedf6a0000 - 0x00007ffedf6c0000 	c:\Users\VICTORINO\.vscode\extensions\redhat.java-1.48.2025111408-win32-x64\jre\21.0.9-win32-x86_64\bin\java.dll
0x00007fff83720000 - 0x00007fff83fbe000 	C:\WINDOWS\System32\SHELL32.dll
0x00007fff81e60000 - 0x00007fff81f9f000 	C:\WINDOWS\System32\wintypes.dll
0x00007fff7f290000 - 0x00007fff7fba8000 	C:\WINDOWS\SYSTEM32\windows.storage.dll
0x00007fff84190000 - 0x00007fff84294000 	C:\WINDOWS\System32\SHCORE.dll
0x00007fff84120000 - 0x00007fff84189000 	C:\WINDOWS\System32\shlwapi.dll
0x00007fff81330000 - 0x00007fff81355000 	C:\WINDOWS\SYSTEM32\profapi.dll
0x00007ffedb560000 - 0x00007ffedb578000 	c:\Users\VICTORINO\.vscode\extensions\redhat.java-1.48.2025111408-win32-x64\jre\21.0.9-win32-x86_64\bin\zip.dll
0x00007ffeddae0000 - 0x00007ffeddaf0000 	C:\Users\VICTORINO\.vscode\extensions\redhat.java-1.48.2025111408-win32-x64\jre\21.0.9-win32-x86_64\bin\net.dll
0x00007fff7c580000 - 0x00007fff7c6ac000 	C:\WINDOWS\SYSTEM32\WINHTTP.dll
0x00007fff80860000 - 0x00007fff808c9000 	C:\WINDOWS\system32\mswsock.dll
0x00007ffedb540000 - 0x00007ffedb556000 	C:\Users\VICTORINO\.vscode\extensions\redhat.java-1.48.2025111408-win32-x64\jre\21.0.9-win32-x86_64\bin\nio.dll
0x00007ffedc870000 - 0x00007ffedc880000 	c:\Users\VICTORINO\.vscode\extensions\redhat.java-1.48.2025111408-win32-x64\jre\21.0.9-win32-x86_64\bin\verify.dll
0x00007ffeda9d0000 - 0x00007ffedaa14000 	C:\Users\VICTORINO\AppData\Roaming\Code\User\globalStorage\redhat.java\1.48.2025111408\config_win\org.eclipse.equinox.launcher\org.eclipse.equinox.launcher.win32.win32.x86_64_1.2.1400.v20250801-0854\eclipse_11916.dll
0x00007fff823a0000 - 0x00007fff82540000 	C:\WINDOWS\System32\ole32.dll
0x00007ffedb530000 - 0x00007ffedb53a000 	C:\Users\VICTORINO\.vscode\extensions\redhat.java-1.48.2025111408-win32-x64\jre\21.0.9-win32-x86_64\bin\management.dll
0x00007ffedb170000 - 0x00007ffedb17c000 	C:\Users\VICTORINO\.vscode\extensions\redhat.java-1.48.2025111408-win32-x64\jre\21.0.9-win32-x86_64\bin\management_ext.dll
0x00007fff82e80000 - 0x00007fff82e88000 	C:\WINDOWS\System32\PSAPI.DLL
0x00007fff80a80000 - 0x00007fff80a9b000 	C:\WINDOWS\SYSTEM32\CRYPTSP.dll
0x00007fff802f0000 - 0x00007fff80327000 	C:\WINDOWS\system32\rsaenh.dll
0x00007fff80920000 - 0x00007fff80948000 	C:\WINDOWS\SYSTEM32\USERENV.dll
0x00007fff80aa0000 - 0x00007fff80aac000 	C:\WINDOWS\SYSTEM32\CRYPTBASE.dll
0x00007fff7fe10000 - 0x00007fff7fe3d000 	C:\WINDOWS\SYSTEM32\IPHLPAPI.DLL
0x00007fff82540000 - 0x00007fff82549000 	C:\WINDOWS\System32\NSI.dll
0x00007fff29770000 - 0x00007fff297b9000 	C:\Users\VICTORINO\AppData\Local\Temp\jna--632598749\jna2070591529026639746.dll
0x00007fff7c6d0000 - 0x00007fff7c6e9000 	C:\WINDOWS\SYSTEM32\dhcpcsvc6.DLL
0x00007fff7bbf0000 - 0x00007fff7bc0f000 	C:\WINDOWS\SYSTEM32\dhcpcsvc.DLL
0x00007ffedb160000 - 0x00007ffedb16e000 	C:\Users\VICTORINO\.vscode\extensions\redhat.java-1.48.2025111408-win32-x64\jre\21.0.9-win32-x86_64\bin\sunmscapi.dll
0x00007fff81400000 - 0x00007fff81568000 	C:\WINDOWS\System32\CRYPT32.dll
0x00007fff80cc0000 - 0x00007fff80cee000 	C:\WINDOWS\SYSTEM32\ncrypt.dll
0x00007fff80c80000 - 0x00007fff80cb7000 	C:\WINDOWS\SYSTEM32\NTASN1.dll
0x00007fff7fe80000 - 0x00007fff7ff78000 	C:\WINDOWS\SYSTEM32\DNSAPI.dll
0x00007fff7a340000 - 0x00007fff7a34a000 	C:\Windows\System32\rasadhlp.dll
0x00007fff7b480000 - 0x00007fff7b504000 	C:\WINDOWS\System32\fwpuclnt.dll
0x00007ffedb150000 - 0x00007ffedb159000 	C:\Users\VICTORINO\.vscode\extensions\redhat.java-1.48.2025111408-win32-x64\jre\21.0.9-win32-x86_64\bin\extnet.dll
0x00007fff6f700000 - 0x00007fff6f708000 	C:\WINDOWS\system32\wshunix.dll

JVMTI agents:
c:\Users\VICTORINO\.vscode\extensions\redhat.java-1.48.2025111408-win32-x64\lombok\lombok-1.18.39-4050.jar path:c:\Users\VICTORINO\.vscode\extensions\redhat.java-1.48.2025111408-win32-x64\jre\21.0.9-win32-x86_64\bin\instrument.dll, loaded, initialized, instrumentlib options:none

dbghelp: loaded successfully - version: 4.0.5 - missing functions: none
symbol engine: initialized successfully - sym options: 0x614 - pdb path: .;c:\Users\VICTORINO\.vscode\extensions\redhat.java-1.48.2025111408-win32-x64\jre\21.0.9-win32-x86_64\bin;C:\WINDOWS\SYSTEM32;C:\WINDOWS\WinSxS\amd64_microsoft.windows.common-controls_6595b64144ccf1df_6.0.22621.6060_none_2712eda17382d24b;c:\Users\VICTORINO\.vscode\extensions\redhat.java-1.48.2025111408-win32-x64\jre\21.0.9-win32-x86_64\bin\server;C:\Users\VICTORINO\AppData\Roaming\Code\User\globalStorage\redhat.java\1.48.2025111408\config_win\org.eclipse.equinox.launcher\org.eclipse.equinox.launcher.win32.win32.x86_64_1.2.1400.v20250801-0854;C:\Users\VICTORINO\AppData\Local\Temp\jna--632598749

VM Arguments:
jvm_args: --add-modules=ALL-SYSTEM --add-opens=java.base/java.util=ALL-UNNAMED --add-opens=java.base/java.lang=ALL-UNNAMED --add-opens=java.base/sun.nio.fs=ALL-UNNAMED -Declipse.application=org.eclipse.jdt.ls.core.id1 -Dosgi.bundles.defaultStartLevel=4 -Declipse.product=org.eclipse.jdt.ls.core.product -Djava.import.generatesMetadataFilesAtProjectRoot=false -DDetectVMInstallationsJob.disabled=true -Dfile.encoding=utf8 -XX:+UseParallelGC -XX:GCTimeRatio=4 -XX:AdaptiveSizePolicyWeight=90 -Dsun.zip.disableMemoryMapping=true -Xmx2G -Xms100m -Xlog:disable -javaagent:c:\Users\VICTORINO\.vscode\extensions\redhat.java-1.48.2025111408-win32-x64\lombok\lombok-1.18.39-4050.jar -XX:+HeapDumpOnOutOfMemoryError -XX:HeapDumpPath=c:\Users\VICTORINO\AppData\Roaming\Code\User\workspaceStorage\8b85e783a8283d361236f900b7cd3b39\redhat.java -Daether.dependencyCollector.impl=bf -XX:+UnlockDiagnosticVMOptions -XX:+AllowArchivingWithJavaAgent -XX:+AutoCreateSharedArchive -XX:SharedArchiveFile=c:\Users\VICTORINO\AppData\Roaming\Code\User\globalStorage\redhat.java\1.48.2025111408\jdtls.jsa 
java_command: c:\Users\VICTORINO\.vscode\extensions\redhat.java-1.48.2025111408-win32-x64\server\plugins\org.eclipse.equinox.launcher_1.7.100.v20251111-0406.jar -configuration c:\Users\VICTORINO\AppData\Roaming\Code\User\globalStorage\redhat.java\1.48.2025111408\config_win -data c:\Users\VICTORINO\AppData\Roaming\Code\User\workspaceStorage\8b85e783a8283d361236f900b7cd3b39\redhat.java\jdt_ws --pipe=\\.\pipe\lsp-faaf06535bee9b3d4759e79cd91243ad-sock
java_class_path (initial): c:\Users\VICTORINO\.vscode\extensions\redhat.java-1.48.2025111408-win32-x64\server\plugins\org.eclipse.equinox.launcher_1.7.100.v20251111-0406.jar
Launcher Type: SUN_STANDARD

[Global flags]
    uintx AdaptiveSizePolicyWeight                 = 90                                        {product} {command line}
     bool AllowArchivingWithJavaAgent              = true                             {JVMCI diagnostic} {command line}
     bool AutoCreateSharedArchive                  = false                               {JVMCI product} {command line}
     intx CICompilerCount                          = 4                                         {product} {ergonomic}
    uintx GCTimeRatio                              = 4                                         {product} {command line}
     bool HeapDumpOnOutOfMemoryError               = true                                   {manageable} {command line}
    ccstr HeapDumpPath                             = c:\Users\VICTORINO\AppData\Roaming\Code\User\workspaceStorage\8b85e783a8283d361236f900b7cd3b39\redhat.java         {manageable} {command line}
   size_t InitialHeapSize                          = 104857600                                 {product} {command line}
   size_t MaxHeapSize                              = 2147483648                                {product} {command line}
   size_t MaxNewSize                               = 715653120                                 {product} {ergonomic}
   size_t MinHeapDeltaBytes                        = 524288                                    {product} {ergonomic}
   size_t MinHeapSize                              = 104857600                                 {product} {command line}
   size_t NewSize                                  = 34603008                                  {product} {ergonomic}
    uintx NonNMethodCodeHeapSize                   = 5839372                                {pd product} {ergonomic}
    uintx NonProfiledCodeHeapSize                  = 122909434                              {pd product} {ergonomic}
   size_t OldSize                                  = 70254592                                  {product} {ergonomic}
    uintx ProfiledCodeHeapSize                     = 122909434                              {pd product} {ergonomic}
    uintx ReservedCodeCacheSize                    = 251658240                              {pd product} {ergonomic}
     bool SegmentedCodeCache                       = true                                      {product} {ergonomic}
    ccstr SharedArchiveFile                        = c:\Users\VICTORINO\AppData\Roaming\Code\User\globalStorage\redhat.java\1.48.2025111408\jdtls.jsa      {JVMCI product} {command line}
   size_t SoftMaxHeapSize                          = 2147483648                             {manageable} {ergonomic}
     bool UnlockDiagnosticVMOptions                = true                                   {diagnostic} {command line}
     bool UseCompressedOops                        = true                           {product lp64_product} {ergonomic}
     bool UseLargePagesIndividualAllocation        = false                                  {pd product} {ergonomic}
     bool UseParallelGC                            = true                                      {product} {command line}

Logging:
Log output configuration:
 #0: stdout all=off uptime,level,tags foldmultilines=false
 #1: stderr all=off uptime,level,tags foldmultilines=false

Release file:
JAVA_VERSION="21.0.9" 
MODULES="java.base java.compiler java.datatransfer java.xml java.prefs java.desktop java.instrument java.logging java.management java.security.sasl java.naming java.rmi java.management.rmi java.net.http java.scripting java.security.jgss java.transaction.xa java.sql java.sql.rowset java.xml.crypto java.se java.smartcardio jdk.accessibility jdk.internal.jvmstat jdk.attach jdk.charsets jdk.internal.opt jdk.zipfs jdk.compiler jdk.crypto.ec jdk.crypto.cryptoki jdk.crypto.mscapi jdk.dynalink jdk.internal.ed jdk.editpad jdk.hotspot.agent jdk.httpserver jdk.internal.le jdk.internal.vm.ci jdk.internal.vm.compiler jdk.internal.vm.compiler.management jdk.jartool jdk.javadoc jdk.jcmd jdk.management jdk.management.agent jdk.jconsole jdk.jdeps jdk.jdwp.agent jdk.jdi jdk.jfr jdk.jshell jdk.jsobject jdk.jstatd jdk.localedata jdk.management.jfr jdk.naming.dns jdk.naming.rmi jdk.net jdk.nio.mapmode jdk.random jdk.sctp jdk.security.auth jdk.security.jgss jdk.unsupported jdk.unsupported.desktop jdk.xml.dom" 

Environment Variables:
PATH=C:\Program Files\Common Files\Oracle\Java\javapath;C:\Program Files (x86)\Common Files\Oracle\Java\java8path;C:\ProgramData\Oracle\Java\javapath;C:\WINDOWS\system32;C:\WINDOWS;C:\WINDOWS\System32\Wbem;C:\WINDOWS\System32\WindowsPowerShell\v1.0\;C:\WINDOWS\System32\OpenSSH\;C:\Program Files (x86)\dotnet\;C:\Program Files\Git\cmd;C:\Program Files\Docker\Docker\resources\bin;C:\Program Files\nodejs\;C:\Users\VICTORINO\AppData\Local\Programs\Python\Launcher\;C:\Users\VICTORINO\AppData\Local\Microsoft\WindowsApps;C:\Users\VICTORINO\AppData\Local\Programs\Microsoft VS Code\bin;C:\Users\VICTORINO\AppData\Local\GitHubDesktop\bin;C:\Users\VICTORINO\AppData\Roaming\npm
USERNAME=VICTORINO
OS=Windows_NT
PROCESSOR_IDENTIFIER=AMD64 Family 23 Model 96 Stepping 1, AuthenticAMD
TMP=C:\Users\VICTOR~1\AppData\Local\Temp
TEMP=C:\Users\VICTOR~1\AppData\Local\Temp




Periodic native trim disabled

---------------  S Y S T E M  ---------------

OS:
 Windows 11 , 64 bit Build 22621 (10.0.22621.5415)
OS uptime: 0 days 9:56 hours
Hyper-V role detected

CPU: total 12 (initial active 12) (12 cores per cpu, 2 threads per core) family 23 model 96 stepping 1 microcode 0x0, cx8, cmov, fxsr, ht, mmx, 3dnowpref, sse, sse2, sse3, ssse3, sse4a, sse4.1, sse4.2, popcnt, lzcnt, tsc, tscinvbit, avx, avx2, aes, clmul, bmi1, bmi2, adx, sha, fma, vzeroupper, clflush, clflushopt, hv, rdtscp, rdpid, f16c
Processor Information for the first 12 processors :
  Max Mhz: 3701, Current Mhz: 3701, Mhz Limit: 3701

Memory: 4k page, system-wide physical 23895M (693M free)
TotalPageFile size 37048M (AvailPageFile size 4M)
current process WorkingSet (physical memory assigned to process): 1011M, peak: 1810M
current process commit charge ("private bytes"): 989M, peak: 1810M

vm_info: OpenJDK 64-Bit Server VM (21.0.9+10-LTS) for windows-amd64 JRE (21.0.9+10-LTS), built on 2025-10-21T00:00:00Z by "admin" with unknown MS VC++:1942

END.
